ECHO: " { "
ECHO: " 'type':'machine', "
ECHO: " 'file':'GyroAnt.scad', "
ECHO: " 'title':'GyroAnt', "
ECHO: " 'children': ["
ECHO: " { "
ECHO: " 'type':'view', "
ECHO: " 'title':'view', "
ECHO: " 'caption':'view', "
ECHO: " 'size': ["
ECHO: "1024"
ECHO: ","
ECHO: "768"
ECHO: "], "
ECHO: " 'translate': ["
ECHO: "0"
ECHO: ","
ECHO: "0"
ECHO: ","
ECHO: "16"
ECHO: "], "
ECHO: " 'rotate': ["
ECHO: "66"
ECHO: ","
ECHO: "0"
ECHO: ","
ECHO: "238"
ECHO: "], "
ECHO: " 'dist':140, "
ECHO: " }, "
ECHO: " { "
ECHO: " 'type':'assembly', "
ECHO: " 'file':'assemblies/Final.scad', "
ECHO: " 'title':'Final', "
ECHO: " 'call':'FinalAssembly()', "
ECHO: " 'children': ["
ECHO: " { "
ECHO: " 'type':'printed', "
ECHO: " 'file':'printedparts/Base.scad', "
ECHO: " 'title':'Base', "
ECHO: " 'call':'Base_STL()', "
ECHO: " 'children': ["
ECHO: " { "
ECHO: " 'type':'view', "
ECHO: " 'title':'view', "
ECHO: " 'caption':'view', "
ECHO: " 'size': ["
ECHO: "400"
ECHO: ","
ECHO: "300"
ECHO: "], "
ECHO: " 'translate': ["
ECHO: "0"
ECHO: ","
ECHO: "0"
ECHO: ","
ECHO: "0"
ECHO: "], "
ECHO: " 'rotate': ["
ECHO: "72"
ECHO: ","
ECHO: "0"
ECHO: ","
ECHO: "130"
ECHO: "], "
ECHO: " 'dist':400, "
ECHO: " }, "
ECHO: " ], "
ECHO: " }, "
ECHO: " { "
ECHO: " 'type':'step', "
ECHO: " 'num':1, "
ECHO: " 'desc':'Fit wheels and motors', "
ECHO: " 'children': ["
DEPRECATED: The assign() module will be removed in future releases. Use a regular assignment instead.
ECHO: " { "
ECHO: " 'type':'view', "
ECHO: " 'title':'view', "
ECHO: " 'caption':'view', "
ECHO: " 'size': ["
ECHO: "400"
ECHO: ","
ECHO: "300"
ECHO: "], "
ECHO: " 'translate': ["
ECHO: "0"
ECHO: ","
ECHO: "0"
ECHO: ","
ECHO: "16"
ECHO: "], "
ECHO: " 'rotate': ["
ECHO: "66"
ECHO: ","
ECHO: "0"
ECHO: ","
ECHO: "238"
ECHO: "], "
ECHO: " 'dist':250, "
ECHO: " }, "
ECHO: " { "
ECHO: " 'type':'vitamin', "
ECHO: " 'file':'vitamins/N20DCGearMotor.scad', "
ECHO: " 'title':'N20DCGearMotor', "
ECHO: " 'call':'N20DCGearMotor()', "
ECHO: " 'children': ["
ECHO: " { "
ECHO: " 'type':'view', "
ECHO: " 'title':'view', "
ECHO: " 'caption':'view', "
ECHO: " 'size': ["
ECHO: "400"
ECHO: ","
ECHO: "300"
ECHO: "], "
ECHO: " 'translate': ["
ECHO: "6.9"
ECHO: ","
ECHO: "13.6"
ECHO: ","
ECHO: "10.3"
ECHO: "], "
ECHO: " 'rotate': ["
ECHO: "72"
ECHO: ","
ECHO: "0"
ECHO: ","
ECHO: "33"
ECHO: "], "
ECHO: " 'dist':280, "
ECHO: " }, "
ECHO: " ], "
ECHO: " }, "
ECHO: " { "
ECHO: " 'type':'printed', "
ECHO: " 'file':'printedparts/Wheel.scad', "
ECHO: " 'title':'Wheel', "
ECHO: " 'call':'Wheel_STL()', "
ECHO: " 'children': ["
ECHO: " { "
ECHO: " 'type':'view', "
ECHO: " 'title':'view', "
ECHO: " 'caption':'view', "
ECHO: " 'size': ["
ECHO: "400"
ECHO: ","
ECHO: "300"
ECHO: "], "
ECHO: " 'translate': ["
ECHO: "0"
ECHO: ","
ECHO: "0"
ECHO: ","
ECHO: "0"
ECHO: "], "
ECHO: " 'rotate': ["
ECHO: "72"
ECHO: ","
ECHO: "0"
ECHO: ","
ECHO: "130"
ECHO: "], "
ECHO: " 'dist':400, "
ECHO: " }, "
ECHO: " ], "
ECHO: " }, "
ECHO: " { "
ECHO: " 'type':'vitamin', "
ECHO: " 'file':'vitamins/N20DCGearMotor.scad', "
ECHO: " 'title':'N20DCGearMotor', "
ECHO: " 'call':'N20DCGearMotor()', "
ECHO: " 'children': ["
ECHO: " { "
ECHO: " 'type':'view', "
ECHO: " 'title':'view', "
ECHO: " 'caption':'view', "
ECHO: " 'size': ["
ECHO: "400"
ECHO: ","
ECHO: "300"
ECHO: "], "
ECHO: " 'translate': ["
ECHO: "6.9"
ECHO: ","
ECHO: "13.6"
ECHO: ","
ECHO: "10.3"
ECHO: "], "
ECHO: " 'rotate': ["
ECHO: "72"
ECHO: ","
ECHO: "0"
ECHO: ","
ECHO: "33"
ECHO: "], "
ECHO: " 'dist':280, "
ECHO: " }, "
ECHO: " ], "
ECHO: " }, "
ECHO: " { "
ECHO: " 'type':'printed', "
ECHO: " 'file':'printedparts/Wheel.scad', "
ECHO: " 'title':'Wheel', "
ECHO: " 'call':'Wheel_STL()', "
ECHO: " 'children': ["
ECHO: " { "
ECHO: " 'type':'view', "
ECHO: " 'title':'view', "
ECHO: " 'caption':'view', "
ECHO: " 'size': ["
ECHO: "400"
ECHO: ","
ECHO: "300"
ECHO: "], "
ECHO: " 'translate': ["
ECHO: "0"
ECHO: ","
ECHO: "0"
ECHO: ","
ECHO: "0"
ECHO: "], "
ECHO: " 'rotate': ["
ECHO: "72"
ECHO: ","
ECHO: "0"
ECHO: ","
ECHO: "130"
ECHO: "], "
ECHO: " 'dist':400, "
ECHO: " }, "
ECHO: " ], "
ECHO: " }, "
ECHO: " ] }, "
ECHO: " { "
ECHO: " 'type':'step', "
ECHO: " 'num':2, "
ECHO: " 'desc':'Fit weapon outrunner', "
ECHO: " 'children': ["
ECHO: " { "
ECHO: " 'type':'view', "
ECHO: " 'title':'view', "
ECHO: " 'caption':'view', "
ECHO: " 'size': ["
ECHO: "400"
ECHO: ","
ECHO: "300"
ECHO: "], "
ECHO: " 'translate': ["
ECHO: "0"
ECHO: ","
ECHO: "0"
ECHO: ","
ECHO: "16"
ECHO: "], "
ECHO: " 'rotate': ["
ECHO: "66"
ECHO: ","
ECHO: "0"
ECHO: ","
ECHO: "238"
ECHO: "], "
ECHO: " 'dist':250, "
ECHO: " }, "
ECHO: " { "
ECHO: " 'type':'vitamin', "
ECHO: " 'file':'vitamins/C2020BrushlessOutrunner.scad', "
ECHO: " 'title':'C2020 Micro Brushless Outrunner 3500kv 11g', "
ECHO: " 'call':'C2020BrushlessOutrunner()', "
ECHO: " 'children': ["
ECHO: " { "
ECHO: " 'type':'view', "
ECHO: " 'title':'view', "
ECHO: " 'caption':'view', "
ECHO: " 'size': ["
ECHO: "400"
ECHO: ","
ECHO: "300"
ECHO: "], "
ECHO: " 'translate': ["
ECHO: "6.9"
ECHO: ","
ECHO: "13.6"
ECHO: ","
ECHO: "10.3"
ECHO: "], "
ECHO: " 'rotate': ["
ECHO: "72"
ECHO: ","
ECHO: "0"
ECHO: ","
ECHO: "33"
ECHO: "], "
ECHO: " 'dist':280, "
ECHO: " }, "
ECHO: " ], "
ECHO: " }, "
ECHO: " ] }, "
ECHO: " { "
ECHO: " 'type':'step', "
ECHO: " 'num':3, "
ECHO: " 'desc':'Slide weapon ring over base', "
ECHO: " 'children': ["
ECHO: " { "
ECHO: " 'type':'view', "
ECHO: " 'title':'view', "
ECHO: " 'caption':'view', "
ECHO: " 'size': ["
ECHO: "400"
ECHO: ","
ECHO: "300"
ECHO: "], "
ECHO: " 'translate': ["
ECHO: "0"
ECHO: ","
ECHO: "0"
ECHO: ","
ECHO: "16"
ECHO: "], "
ECHO: " 'rotate': ["
ECHO: "66"
ECHO: ","
ECHO: "0"
ECHO: ","
ECHO: "238"
ECHO: "], "
ECHO: " 'dist':250, "
ECHO: " }, "
ECHO: " { "
ECHO: " 'type':'printed', "
ECHO: " 'file':'printedparts/WeaponRing.scad', "
ECHO: " 'title':'WeaponRing', "
ECHO: " 'call':'WeaponRing_STL()', "
ECHO: " 'children': ["
ECHO: " { "
ECHO: " 'type':'view', "
ECHO: " 'title':'view', "
ECHO: " 'caption':'view', "
ECHO: " 'size': ["
ECHO: "400"
ECHO: ","
ECHO: "300"
ECHO: "], "
ECHO: " 'translate': ["
ECHO: "0"
ECHO: ","
ECHO: "0"
ECHO: ","
ECHO: "0"
ECHO: "], "
ECHO: " 'rotate': ["
ECHO: "72"
ECHO: ","
ECHO: "0"
ECHO: ","
ECHO: "130"
ECHO: "], "
ECHO: " 'dist':400, "
ECHO: " }, "
ECHO: " ], "
ECHO: " }, "
ECHO: " { "
ECHO: " 'type':'vitamin', "
ECHO: " 'file':'vitamins/screw.scad', "
ECHO: " 'title':'M3 hex screw x 8mm', "
ECHO: " 'call':'screw(type=M3_hex_screw,length=8, hob_point=0 )', "
ECHO: " 'children': ["
ECHO: " { "
ECHO: " 'type':'view', "
ECHO: " 'title':'view', "
ECHO: " 'caption':'view', "
ECHO: " 'size': ["
ECHO: "400"
ECHO: ","
ECHO: "300"
ECHO: "], "
ECHO: " 'translate': ["
ECHO: "0"
ECHO: ","
ECHO: "0"
ECHO: ","
ECHO: "0"
ECHO: "], "
ECHO: " 'rotate': ["
ECHO: "55"
ECHO: ","
ECHO: "0"
ECHO: ","
ECHO: "25"
ECHO: "], "
ECHO: " 'dist':200, "
ECHO: " }, "
ECHO: " ], "
ECHO: " }, "
ECHO: " { "
ECHO: " 'type':'vitamin', "
ECHO: " 'file':'vitamins/screw.scad', "
ECHO: " 'title':'M3 hex screw x 8mm', "
ECHO: " 'call':'screw(type=M3_hex_screw,length=8, hob_point=0 )', "
ECHO: " 'children': ["
ECHO: " { "
ECHO: " 'type':'view', "
ECHO: " 'title':'view', "
ECHO: " 'caption':'view', "
ECHO: " 'size': ["
ECHO: "400"
ECHO: ","
ECHO: "300"
ECHO: "], "
ECHO: " 'translate': ["
ECHO: "0"
ECHO: ","
ECHO: "0"
ECHO: ","
ECHO: "0"
ECHO: "], "
ECHO: " 'rotate': ["
ECHO: "55"
ECHO: ","
ECHO: "0"
ECHO: ","
ECHO: "25"
ECHO: "], "
ECHO: " 'dist':200, "
ECHO: " }, "
ECHO: " ], "
ECHO: " }, "
ECHO: " { "
ECHO: " 'type':'vitamin', "
ECHO: " 'file':'vitamins/screw.scad', "
ECHO: " 'title':'M3 hex screw x 8mm', "
ECHO: " 'call':'screw(type=M3_hex_screw,length=8, hob_point=0 )', "
ECHO: " 'children': ["
ECHO: " { "
ECHO: " 'type':'view', "
ECHO: " 'title':'view', "
ECHO: " 'caption':'view', "
ECHO: " 'size': ["
ECHO: "400"
ECHO: ","
ECHO: "300"
ECHO: "], "
ECHO: " 'translate': ["
ECHO: "0"
ECHO: ","
ECHO: "0"
ECHO: ","
ECHO: "0"
ECHO: "], "
ECHO: " 'rotate': ["
ECHO: "55"
ECHO: ","
ECHO: "0"
ECHO: ","
ECHO: "25"
ECHO: "], "
ECHO: " 'dist':200, "
ECHO: " }, "
ECHO: " ], "
ECHO: " }, "
ECHO: " { "
ECHO: " 'type':'vitamin', "
ECHO: " 'file':'vitamins/screw.scad', "
ECHO: " 'title':'M3 hex screw x 8mm', "
ECHO: " 'call':'screw(type=M3_hex_screw,length=8, hob_point=0 )', "
ECHO: " 'children': ["
ECHO: " { "
ECHO: " 'type':'view', "
ECHO: " 'title':'view', "
ECHO: " 'caption':'view', "
ECHO: " 'size': ["
ECHO: "400"
ECHO: ","
ECHO: "300"
ECHO: "], "
ECHO: " 'translate': ["
ECHO: "0"
ECHO: ","
ECHO: "0"
ECHO: ","
ECHO: "0"
ECHO: "], "
ECHO: " 'rotate': ["
ECHO: "55"
ECHO: ","
ECHO: "0"
ECHO: ","
ECHO: "25"
ECHO: "], "
ECHO: " 'dist':200, "
ECHO: " }, "
ECHO: " ], "
ECHO: " }, "
ECHO: " ] }, "
ECHO: " { "
ECHO: " 'type':'step', "
ECHO: " 'num':4, "
ECHO: " 'desc':'Fit bearings for weapon ring', "
ECHO: " 'children': ["
ECHO: " { "
ECHO: " 'type':'view', "
ECHO: " 'title':'view', "
ECHO: " 'caption':'view', "
ECHO: " 'size': ["
ECHO: "400"
ECHO: ","
ECHO: "300"
ECHO: "], "
ECHO: " 'translate': ["
ECHO: "0"
ECHO: ","
ECHO: "0"
ECHO: ","
ECHO: "0"
ECHO: "], "
ECHO: " 'rotate': ["
ECHO: "10"
ECHO: ","
ECHO: "0"
ECHO: ","
ECHO: "358"
ECHO: "], "
ECHO: " 'dist':250, "
ECHO: " }, "
ECHO: " { "
ECHO: " 'type':'vitamin', "
ECHO: " 'file':'vitamins/VGrooveBearing.scad', "
ECHO: " 'title':'624VV 4x13x6mm V Groove Sealed Ball Bearing', "
ECHO: " 'call':'VGrooveBearing(VGrooveBearing_624VV)', "
ECHO: " 'children': ["
ECHO: " { "
ECHO: " 'type':'view', "
ECHO: " 'title':'view', "
ECHO: " 'caption':'view', "
ECHO: " 'size': ["
ECHO: "400"
ECHO: ","
ECHO: "300"
ECHO: "], "
ECHO: " 'translate': ["
ECHO: "0"
ECHO: ","
ECHO: "0"
ECHO: ","
ECHO: "0"
ECHO: "], "
ECHO: " 'rotate': ["
ECHO: "72"
ECHO: ","
ECHO: "0"
ECHO: ","
ECHO: "33"
ECHO: "], "
ECHO: " 'dist':200, "
ECHO: " }, "
ECHO: " ], "
ECHO: " }, "
ECHO: " { "
ECHO: " 'type':'vitamin', "
ECHO: " 'file':'vitamins/screw.scad', "
ECHO: " 'title':'M4 hex screw x 19mm', "
ECHO: " 'call':'screw(type=M4_hex_screw,length=19, hob_point=0 )', "
ECHO: " 'children': ["
ECHO: " { "
ECHO: " 'type':'view', "
ECHO: " 'title':'view', "
ECHO: " 'caption':'view', "
ECHO: " 'size': ["
ECHO: "400"
ECHO: ","
ECHO: "300"
ECHO: "], "
ECHO: " 'translate': ["
ECHO: "0"
ECHO: ","
ECHO: "0"
ECHO: ","
ECHO: "0"
ECHO: "], "
ECHO: " 'rotate': ["
ECHO: "55"
ECHO: ","
ECHO: "0"
ECHO: ","
ECHO: "25"
ECHO: "], "
ECHO: " 'dist':200, "
ECHO: " }, "
ECHO: " ], "
ECHO: " }, "
ECHO: " { "
ECHO: " 'type':'vitamin', "
ECHO: " 'file':'vitamins/nut.scad', "
ECHO: " 'title':'M4 Nut', "
ECHO: " 'call':'nut(type=M4_nut,nyloc=false,brass=false )', "
ECHO: " 'children': ["
ECHO: " { "
ECHO: " 'type':'view', "
ECHO: " 'title':'view', "
ECHO: " 'caption':'view', "
ECHO: " 'size': ["
ECHO: "400"
ECHO: ","
ECHO: "300"
ECHO: "], "
ECHO: " 'translate': ["
ECHO: "0"
ECHO: ","
ECHO: "0"
ECHO: ","
ECHO: "0"
ECHO: "], "
ECHO: " 'rotate': ["
ECHO: "55"
ECHO: ","
ECHO: "0"
ECHO: ","
ECHO: "25"
ECHO: "], "
ECHO: " 'dist':200, "
ECHO: " }, "
ECHO: " ], "
ECHO: " }, "
ECHO: " { "
ECHO: " 'type':'vitamin', "
ECHO: " 'file':'vitamins/VGrooveBearing.scad', "
ECHO: " 'title':'624VV 4x13x6mm V Groove Sealed Ball Bearing', "
ECHO: " 'call':'VGrooveBearing(VGrooveBearing_624VV)', "
ECHO: " 'children': ["
ECHO: " { "
ECHO: " 'type':'view', "
ECHO: " 'title':'view', "
ECHO: " 'caption':'view', "
ECHO: " 'size': ["
ECHO: "400"
ECHO: ","
ECHO: "300"
ECHO: "], "
ECHO: " 'translate': ["
ECHO: "0"
ECHO: ","
ECHO: "0"
ECHO: ","
ECHO: "0"
ECHO: "], "
ECHO: " 'rotate': ["
ECHO: "72"
ECHO: ","
ECHO: "0"
ECHO: ","
ECHO: "33"
ECHO: "], "
ECHO: " 'dist':200, "
ECHO: " }, "
ECHO: " ], "
ECHO: " }, "
ECHO: " { "
ECHO: " 'type':'vitamin', "
ECHO: " 'file':'vitamins/screw.scad', "
ECHO: " 'title':'M4 hex screw x 19mm', "
ECHO: " 'call':'screw(type=M4_hex_screw,length=19, hob_point=0 )', "
ECHO: " 'children': ["
ECHO: " { "
ECHO: " 'type':'view', "
ECHO: " 'title':'view', "
ECHO: " 'caption':'view', "
ECHO: " 'size': ["
ECHO: "400"
ECHO: ","
ECHO: "300"
ECHO: "], "
ECHO: " 'translate': ["
ECHO: "0"
ECHO: ","
ECHO: "0"
ECHO: ","
ECHO: "0"
ECHO: "], "
ECHO: " 'rotate': ["
ECHO: "55"
ECHO: ","
ECHO: "0"
ECHO: ","
ECHO: "25"
ECHO: "], "
ECHO: " 'dist':200, "
ECHO: " }, "
ECHO: " ], "
ECHO: " }, "
ECHO: " { "
ECHO: " 'type':'vitamin', "
ECHO: " 'file':'vitamins/nut.scad', "
ECHO: " 'title':'M4 Nut', "
ECHO: " 'call':'nut(type=M4_nut,nyloc=false,brass=false )', "
ECHO: " 'children': ["
ECHO: " { "
ECHO: " 'type':'view', "
ECHO: " 'title':'view', "
ECHO: " 'caption':'view', "
ECHO: " 'size': ["
ECHO: "400"
ECHO: ","
ECHO: "300"
ECHO: "], "
ECHO: " 'translate': ["
ECHO: "0"
ECHO: ","
ECHO: "0"
ECHO: ","
ECHO: "0"
ECHO: "], "
ECHO: " 'rotate': ["
ECHO: "55"
ECHO: ","
ECHO: "0"
ECHO: ","
ECHO: "25"
ECHO: "], "
ECHO: " 'dist':200, "
ECHO: " }, "
ECHO: " ], "
ECHO: " }, "
ECHO: " { "
ECHO: " 'type':'vitamin', "
ECHO: " 'file':'vitamins/VGrooveBearing.scad', "
ECHO: " 'title':'624VV 4x13x6mm V Groove Sealed Ball Bearing', "
ECHO: " 'call':'VGrooveBearing(VGrooveBearing_624VV)', "
ECHO: " 'children': ["
ECHO: " { "
ECHO: " 'type':'view', "
ECHO: " 'title':'view', "
ECHO: " 'caption':'view', "
ECHO: " 'size': ["
ECHO: "400"
ECHO: ","
ECHO: "300"
ECHO: "], "
ECHO: " 'translate': ["
ECHO: "0"
ECHO: ","
ECHO: "0"
ECHO: ","
ECHO: "0"
ECHO: "], "
ECHO: " 'rotate': ["
ECHO: "72"
ECHO: ","
ECHO: "0"
ECHO: ","
ECHO: "33"
ECHO: "], "
ECHO: " 'dist':200, "
ECHO: " }, "
ECHO: " ], "
ECHO: " }, "
ECHO: " { "
ECHO: " 'type':'vitamin', "
ECHO: " 'file':'vitamins/screw.scad', "
ECHO: " 'title':'M4 hex screw x 15mm', "
ECHO: " 'call':'screw(type=M4_hex_screw,length=15, hob_point=0 )', "
ECHO: " 'children': ["
ECHO: " { "
ECHO: " 'type':'view', "
ECHO: " 'title':'view', "
ECHO: " 'caption':'view', "
ECHO: " 'size': ["
ECHO: "400"
ECHO: ","
ECHO: "300"
ECHO: "], "
ECHO: " 'translate': ["
ECHO: "0"
ECHO: ","
ECHO: "0"
ECHO: ","
ECHO: "0"
ECHO: "], "
ECHO: " 'rotate': ["
ECHO: "55"
ECHO: ","
ECHO: "0"
ECHO: ","
ECHO: "25"
ECHO: "], "
ECHO: " 'dist':200, "
ECHO: " }, "
ECHO: " ], "
ECHO: " }, "
ECHO: " { "
ECHO: " 'type':'vitamin', "
ECHO: " 'file':'vitamins/nut.scad', "
ECHO: " 'title':'M4 Nut', "
ECHO: " 'call':'nut(type=M4_nut,nyloc=false,brass=false )', "
ECHO: " 'children': ["
ECHO: " { "
ECHO: " 'type':'view', "
ECHO: " 'title':'view', "
ECHO: " 'caption':'view', "
ECHO: " 'size': ["
ECHO: "400"
ECHO: ","
ECHO: "300"
ECHO: "], "
ECHO: " 'translate': ["
ECHO: "0"
ECHO: ","
ECHO: "0"
ECHO: ","
ECHO: "0"
ECHO: "], "
ECHO: " 'rotate': ["
ECHO: "55"
ECHO: ","
ECHO: "0"
ECHO: ","
ECHO: "25"
ECHO: "], "
ECHO: " 'dist':200, "
ECHO: " }, "
ECHO: " ], "
ECHO: " }, "
ECHO: " ] }, "
ECHO: " { "
ECHO: " 'type':'step', "
ECHO: " 'num':5, "
ECHO: " 'desc':'Wire up Rx, ESCs and motors', "
ECHO: " 'children': ["
ECHO: " { "
ECHO: " 'type':'view', "
ECHO: " 'title':'view', "
ECHO: " 'caption':'view', "
ECHO: " 'size': ["
ECHO: "400"
ECHO: ","
ECHO: "300"
ECHO: "], "
ECHO: " 'translate': ["
ECHO: "0"
ECHO: ","
ECHO: "0"
ECHO: ","
ECHO: "0"
ECHO: "], "
ECHO: " 'rotate': ["
ECHO: "10"
ECHO: ","
ECHO: "0"
ECHO: ","
ECHO: "358"
ECHO: "], "
ECHO: " 'dist':250, "
ECHO: " }, "
ECHO: " { "
ECHO: " 'type':'vitamin', "
ECHO: " 'file':'vitamins/DasMikroReceiver.scad', "
ECHO: " 'title':'DasMikro Ultra Mini 8CH PPM Receiver', "
ECHO: " 'call':'DasMikroReceiver()', "
ECHO: " 'children': ["
ECHO: " { "
ECHO: " 'type':'view', "
ECHO: " 'title':'view', "
ECHO: " 'caption':'view', "
ECHO: " 'size': ["
ECHO: "400"
ECHO: ","
ECHO: "300"
ECHO: "], "
ECHO: " 'translate': ["
ECHO: "6.9"
ECHO: ","
ECHO: "13.6"
ECHO: ","
ECHO: "10.3"
ECHO: "], "
ECHO: " 'rotate': ["
ECHO: "72"
ECHO: ","
ECHO: "0"
ECHO: ","
ECHO: "33"
ECHO: "], "
ECHO: " 'dist':280, "
ECHO: " }, "
ECHO: " ], "
ECHO: " }, "
ECHO: " { "
ECHO: " 'type':'vitamin', "
ECHO: " 'file':'vitamins/DYS16AESC.scad', "
ECHO: " 'title':'DYS BLHeli 16A ESC', "
ECHO: " 'call':'DYS16AESC()', "
ECHO: " 'children': ["
ECHO: " { "
ECHO: " 'type':'view', "
ECHO: " 'title':'view', "
ECHO: " 'caption':'view', "
ECHO: " 'size': ["
ECHO: "400"
ECHO: ","
ECHO: "300"
ECHO: "], "
ECHO: " 'translate': ["
ECHO: "6.9"
ECHO: ","
ECHO: "13.6"
ECHO: ","
ECHO: "10.3"
ECHO: "], "
ECHO: " 'rotate': ["
ECHO: "72"
ECHO: ","
ECHO: "0"
ECHO: ","
ECHO: "33"
ECHO: "], "
ECHO: " 'dist':280, "
ECHO: " }, "
ECHO: " ], "
ECHO: " }, "
ECHO: " { "
ECHO: " 'type':'vitamin', "
ECHO: " 'file':'vitamins/TowerProSG90Driver.scad', "
ECHO: " 'title':'TowerPro SG90 Driver', "
ECHO: " 'call':'TowerProSG90Driver()', "
ECHO: " 'children': ["
ECHO: " { "
ECHO: " 'type':'view', "
ECHO: " 'title':'view', "
ECHO: " 'caption':'view', "
ECHO: " 'size': ["
ECHO: "400"
ECHO: ","
ECHO: "300"
ECHO: "], "
ECHO: " 'translate': ["
ECHO: "6.9"
ECHO: ","
ECHO: "13.6"
ECHO: ","
ECHO: "10.3"
ECHO: "], "
ECHO: " 'rotate': ["
ECHO: "72"
ECHO: ","
ECHO: "0"
ECHO: ","
ECHO: "33"
ECHO: "], "
ECHO: " 'dist':280, "
ECHO: " }, "
ECHO: " ], "
ECHO: " }, "
ECHO: " { "
ECHO: " 'type':'vitamin', "
ECHO: " 'file':'vitamins/TowerProSG90Driver.scad', "
ECHO: " 'title':'TowerPro SG90 Driver', "
ECHO: " 'call':'TowerProSG90Driver()', "
ECHO: " 'children': ["
ECHO: " { "
ECHO: " 'type':'view', "
ECHO: " 'title':'view', "
ECHO: " 'caption':'view', "
ECHO: " 'size': ["
ECHO: "400"
ECHO: ","
ECHO: "300"
ECHO: "], "
ECHO: " 'translate': ["
ECHO: "6.9"
ECHO: ","
ECHO: "13.6"
ECHO: ","
ECHO: "10.3"
ECHO: "], "
ECHO: " 'rotate': ["
ECHO: "72"
ECHO: ","
ECHO: "0"
ECHO: ","
ECHO: "33"
ECHO: "], "
ECHO: " 'dist':280, "
ECHO: " }, "
ECHO: " ], "
ECHO: " }, "
ECHO: " ] }, "
ECHO: " { "
ECHO: " 'type':'step', "
ECHO: " 'num':6, "
ECHO: " 'desc':'Install battery', "
ECHO: " 'children': ["
ECHO: " { "
ECHO: " 'type':'view', "
ECHO: " 'title':'view', "
ECHO: " 'caption':'view', "
ECHO: " 'size': ["
ECHO: "400"
ECHO: ","
ECHO: "300"
ECHO: "], "
ECHO: " 'translate': ["
ECHO: "0"
ECHO: ","
ECHO: "0"
ECHO: ","
ECHO: "0"
ECHO: "], "
ECHO: " 'rotate': ["
ECHO: "10"
ECHO: ","
ECHO: "0"
ECHO: ","
ECHO: "358"
ECHO: "], "
ECHO: " 'dist':250, "
ECHO: " }, "
ECHO: " { "
ECHO: " 'type':'vitamin', "
ECHO: " 'file':'vitamins/TurnigyNanoTech120mAh2S25C.scad', "
ECHO: " 'title':'Turnigy Nano-Tech 120mAh 2S 25C Lipo Pack E-Flite Compatible', "
ECHO: " 'call':'TurnigyNanoTech120mAh2S25C()', "
ECHO: " 'children': ["
ECHO: " { "
ECHO: " 'type':'view', "
ECHO: " 'title':'view', "
ECHO: " 'caption':'view', "
ECHO: " 'size': ["
ECHO: "400"
ECHO: ","
ECHO: "300"
ECHO: "], "
ECHO: " 'translate': ["
ECHO: "6.9"
ECHO: ","
ECHO: "13.6"
ECHO: ","
ECHO: "10.3"
ECHO: "], "
ECHO: " 'rotate': ["
ECHO: "72"
ECHO: ","
ECHO: "0"
ECHO: ","
ECHO: "33"
ECHO: "], "
ECHO: " 'dist':280, "
ECHO: " }, "
ECHO: " ], "
ECHO: " }, "
ECHO: " ] }, "
ECHO: " { "
ECHO: " 'type':'step', "
ECHO: " 'num':7, "
ECHO: " 'desc':'Fit lid', "
ECHO: " 'children': ["
ECHO: " { "
ECHO: " 'type':'view', "
ECHO: " 'title':'view', "
ECHO: " 'caption':'view', "
ECHO: " 'size': ["
ECHO: "400"
ECHO: ","
ECHO: "300"
ECHO: "], "
ECHO: " 'translate': ["
ECHO: "0"
ECHO: ","
ECHO: "0"
ECHO: ","
ECHO: "16"
ECHO: "], "
ECHO: " 'rotate': ["
ECHO: "66"
ECHO: ","
ECHO: "0"
ECHO: ","
ECHO: "238"
ECHO: "], "
ECHO: " 'dist':250, "
ECHO: " }, "
ECHO: " { "
ECHO: " 'type':'printed', "
ECHO: " 'file':'printedparts/Lid.scad', "
ECHO: " 'title':'Lid', "
ECHO: " 'call':'Lid_STL()', "
ECHO: " 'children': ["
ECHO: " { "
ECHO: " 'type':'view', "
ECHO: " 'title':'view', "
ECHO: " 'caption':'view', "
ECHO: " 'size': ["
ECHO: "400"
ECHO: ","
ECHO: "300"
ECHO: "], "
ECHO: " 'translate': ["
ECHO: "0"
ECHO: ","
ECHO: "0"
ECHO: ","
ECHO: "0"
ECHO: "], "
ECHO: " 'rotate': ["
ECHO: "72"
ECHO: ","
ECHO: "0"
ECHO: ","
ECHO: "130"
ECHO: "], "
ECHO: " 'dist':400, "
ECHO: " }, "
ECHO: " ], "
ECHO: " }, "
ECHO: " { "
ECHO: " 'type':'vitamin', "
ECHO: " 'file':'vitamins/nut.scad', "
ECHO: " 'title':'M4 Nut', "
ECHO: " 'call':'nut(type=M4_nut,nyloc=false,brass=false )', "
ECHO: " 'children': ["
ECHO: " { "
ECHO: " 'type':'view', "
ECHO: " 'title':'view', "
ECHO: " 'caption':'view', "
ECHO: " 'size': ["
ECHO: "400"
ECHO: ","
ECHO: "300"
ECHO: "], "
ECHO: " 'translate': ["
ECHO: "0"
ECHO: ","
ECHO: "0"
ECHO: ","
ECHO: "0"
ECHO: "], "
ECHO: " 'rotate': ["
ECHO: "55"
ECHO: ","
ECHO: "0"
ECHO: ","
ECHO: "25"
ECHO: "], "
ECHO: " 'dist':200, "
ECHO: " }, "
ECHO: " ], "
ECHO: " }, "
ECHO: " { "
ECHO: " 'type':'vitamin', "
ECHO: " 'file':'vitamins/nut.scad', "
ECHO: " 'title':'M4 Nut', "
ECHO: " 'call':'nut(type=M4_nut,nyloc=false,brass=false )', "
ECHO: " 'children': ["
ECHO: " { "
ECHO: " 'type':'view', "
ECHO: " 'title':'view', "
ECHO: " 'caption':'view', "
ECHO: " 'size': ["
ECHO: "400"
ECHO: ","
ECHO: "300"
ECHO: "], "
ECHO: " 'translate': ["
ECHO: "0"
ECHO: ","
ECHO: "0"
ECHO: ","
ECHO: "0"
ECHO: "], "
ECHO: " 'rotate': ["
ECHO: "55"
ECHO: ","
ECHO: "0"
ECHO: ","
ECHO: "25"
ECHO: "], "
ECHO: " 'dist':200, "
ECHO: " }, "
ECHO: " ], "
ECHO: " }, "
ECHO: " ] }, "
ECHO: " ], "
ECHO: " }, "
ECHO: " ], "
ECHO: " }, "
